#
# There is insufficient memory for the Java Runtime Environment to continue.
# Native memory allocation (malloc) failed to allocate 751056 bytes for Chunk::new
# Possible reasons:
#   The system is out of physical RAM or swap space
#   The process is running with CompressedOops enabled, and the Java Heap may be blocking the growth of the native heap
# Possible solutions:
#   Reduce memory load on the system
#   Increase physical memory or swap space
#   Check if swap backing store is full
#   Decrease Java heap size (-Xmx/-Xms)
#   Decrease number of Java threads
#   Decrease Java thread stack sizes (-Xss)
#   Set larger code cache with -XX:ReservedCodeCacheSize=
#   JVM is running with Zero Based Compressed Oops mode in which the Java heap is
#     placed in the first 32GB address space. The Java Heap base address is the
#     maximum limit for the native heap growth. Please use -XX:HeapBaseMinAddress
#     to set the Java Heap base and to place the Java Heap above 32GB virtual address.
# This output file may be truncated or incomplete.
#
#  Out of Memory Error (arena.cpp:189), pid=11028, tid=18604
#
# JRE version: OpenJDK Runtime Environment (17.0.7) (build 17.0.7+0-b2043.56-10550314)
# Java VM: OpenJDK 64-Bit Server VM (17.0.7+0-b2043.56-10550314, mixed mode, tiered, compressed oops, compressed class ptrs, g1 gc, windows-amd64)
# No core dump will be written. Minidumps are not enabled by default on client versions of Windows
#

---------------  S U M M A R Y ------------

Command Line: org.jetbrains.kotlin.cli.jvm.K2JVMCompiler @C:\Users\acq20\Desktop\Projetos\tarefista\app\node_modules\expo-modules-core\android\build\20240825_10349222171716957634.compiler.options

Host: AMD Ryzen 7 5800H with Radeon Graphics         , 16 cores, 23G,  Windows 11 , 64 bit Build 22621 (10.0.22621.3958)
Time: Sun Aug 25 12:04:01 2024 Hora oficial do Brasil elapsed time: 26.542317 seconds (0d 0h 0m 26s)

---------------  T H R E A D  ---------------

Current thread (0x000002c1804aa900):  JavaThread "C2 CompilerThread5" daemon [_thread_in_native, id=18604, stack(0x000000d52ea00000,0x000000d52eb00000)]


Current CompileTask:
C2:  26542 14455       4       org.jetbrains.kotlin.resolve.calls.components.candidate.ResolutionCandidate::getResultingApplicabilities (39 bytes)

Stack: [0x000000d52ea00000,0x000000d52eb00000]
Native frames: (J=compiled Java code, j=interpreted, Vv=VM code, C=native code)
V  [jvm.dll+0x683bfa]
V  [jvm.dll+0x8430a4]
V  [jvm.dll+0x8449be]
V  [jvm.dll+0x845023]
V  [jvm.dll+0x24ad2f]
V  [jvm.dll+0xac25c]
V  [jvm.dll+0xac82c]
V  [jvm.dll+0x2b218f]
V  [jvm.dll+0x58c2f7]
V  [jvm.dll+0x225a12]
V  [jvm.dll+0x21ed62]
V  [jvm.dll+0x21c56b]
V  [jvm.dll+0x1a605d]
V  [jvm.dll+0x22c148]
V  [jvm.dll+0x22a209]
V  [jvm.dll+0x7f858c]
V  [jvm.dll+0x7f2aea]
V  [jvm.dll+0x682a35]
C  [ucrtbase.dll+0x29333]
C  [KERNEL32.DLL+0x1257d]
C  [ntdll.dll+0x5af28]


---------------  P R O C E S S  ---------------

Threads class SMR info:
_java_thread_list=0x000002c182c0ae60, length=20, elements={
0x000002c1d4431ea0, 0x000002c1fa07e680, 0x000002c1fa07f4f0, 0x000002c1fa0b0570,
0x000002c1fa0b1030, 0x000002c1fa0b3df0, 0x000002c1fa0b47a0, 0x000002c1fa0b6540,
0x000002c1fa0b7d20, 0x000002c1fa0d67f0, 0x000002c1fa226780, 0x000002c1fa233d70,
0x000002c1fa23bb10, 0x000002c1fa7a0e70, 0x000002c1ff1f1230, 0x000002c1ff1eb710,
0x000002c1ff23a2d0, 0x000002c1ff237540, 0x000002c1ff238470, 0x000002c1804aa900
}

Java Threads: ( => current thread )
  0x000002c1d4431ea0 JavaThread "main" [_thread_in_Java, id=13272, stack(0x000000d52bf00000,0x000000d52c000000)]
  0x000002c1fa07e680 JavaThread "Reference Handler" daemon [_thread_blocked, id=33344, stack(0x000000d52c600000,0x000000d52c700000)]
  0x000002c1fa07f4f0 JavaThread "Finalizer" daemon [_thread_blocked, id=23592, stack(0x000000d52c700000,0x000000d52c800000)]
  0x000002c1fa0b0570 JavaThread "Signal Dispatcher" daemon [_thread_blocked, id=19396, stack(0x000000d52c800000,0x000000d52c900000)]
  0x000002c1fa0b1030 JavaThread "Attach Listener" daemon [_thread_blocked, id=32756, stack(0x000000d52c900000,0x000000d52ca00000)]
  0x000002c1fa0b3df0 JavaThread "Service Thread" daemon [_thread_blocked, id=23940, stack(0x000000d52ca00000,0x000000d52cb00000)]
  0x000002c1fa0b47a0 JavaThread "Monitor Deflation Thread" daemon [_thread_blocked, id=26420, stack(0x000000d52cb00000,0x000000d52cc00000)]
  0x000002c1fa0b6540 JavaThread "C2 CompilerThread0" daemon [_thread_in_native, id=10460, stack(0x000000d52cc00000,0x000000d52cd00000)]
  0x000002c1fa0b7d20 JavaThread "C1 CompilerThread0" daemon [_thread_blocked, id=29356, stack(0x000000d52cd00000,0x000000d52ce00000)]
  0x000002c1fa0d67f0 JavaThread "Sweeper thread" daemon [_thread_blocked, id=26416, stack(0x000000d52ce00000,0x000000d52cf00000)]
  0x000002c1fa226780 JavaThread "C1 CompilerThread1" daemon [_thread_blocked, id=33584, stack(0x000000d52cf00000,0x000000d52d000000)]
  0x000002c1fa233d70 JavaThread "Notification Thread" daemon [_thread_blocked, id=29588, stack(0x000000d52d000000,0x000000d52d100000)]
  0x000002c1fa23bb10 JavaThread "Common-Cleaner" daemon [_thread_blocked, id=25264, stack(0x000000d52d200000,0x000000d52d300000)]
  0x000002c1fa7a0e70 JavaThread "C1 CompilerThread2" daemon [_thread_blocked, id=28148, stack(0x000000d52d400000,0x000000d52d500000)]
  0x000002c1ff1f1230 JavaThread "C2 CompilerThread1" daemon [_thread_in_native, id=27008, stack(0x000000d52d300000,0x000000d52d400000)]
  0x000002c1ff1eb710 JavaThread "C2 CompilerThread2" daemon [_thread_in_native, id=9608, stack(0x000000d52d500000,0x000000d52d600000)]
  0x000002c1ff23a2d0 JavaThread "C2 CompilerThread3" daemon [_thread_in_native, id=33756, stack(0x000000d52e000000,0x000000d52e100000)]
  0x000002c1ff237540 JavaThread "C2 CompilerThread4" daemon [_thread_in_native, id=7820, stack(0x000000d52e200000,0x000000d52e300000)]
  0x000002c1ff238470 JavaThread "C1 CompilerThread3" daemon [_thread_blocked, id=29880, stack(0x000000d52e900000,0x000000d52ea00000)]
=>0x000002c1804aa900 JavaThread "C2 CompilerThread5" daemon [_thread_in_native, id=18604, stack(0x000000d52ea00000,0x000000d52eb00000)]

Other Threads:
  0x000002c1f9b9de10 VMThread "VM Thread" [stack: 0x000000d52c500000,0x000000d52c600000] [id=17664]
  0x000002c1fa239290 WatcherThread [stack: 0x000000d52d100000,0x000000d52d200000] [id=22972]
  0x000002c1d44ba280 GCTaskThread "GC Thread#0" [stack: 0x000000d52c000000,0x000000d52c100000] [id=26732]
  0x000002c1fa9e1bc0 GCTaskThread "GC Thread#1" [stack: 0x000000d52d600000,0x000000d52d700000] [id=29456]
  0x000002c1fa96ae60 GCTaskThread "GC Thread#2" [stack: 0x000000d52d700000,0x000000d52d800000] [id=15372]
  0x000002c1fa96b110 GCTaskThread "GC Thread#3" [stack: 0x000000d52d800000,0x000000d52d900000] [id=17168]
  0x000002c1fa96bff0 GCTaskThread "GC Thread#4" [stack: 0x000000d52d900000,0x000000d52da00000] [id=27248]
  0x000002c1fa92e080 GCTaskThread "GC Thread#5" [stack: 0x000000d52da00000,0x000000d52db00000] [id=15260]
  0x000002c1fa92e330 GCTaskThread "GC Thread#6" [stack: 0x000000d52db00000,0x000000d52dc00000] [id=31236]
  0x000002c1fa92e5e0 GCTaskThread "GC Thread#7" [stack: 0x000000d52dc00000,0x000000d52dd00000] [id=31796]
  0x000002c1fa92e890 GCTaskThread "GC Thread#8" [stack: 0x000000d52dd00000,0x000000d52de00000] [id=32884]
  0x000002c1ff0ab990 GCTaskThread "GC Thread#9" [stack: 0x000000d52e300000,0x000000d52e400000] [id=27460]
  0x000002c1ff0aaed0 GCTaskThread "GC Thread#10" [stack: 0x000000d52e400000,0x000000d52e500000] [id=25120]
  0x000002c180be61c0 GCTaskThread "GC Thread#11" [stack: 0x000000d52e500000,0x000000d52e600000] [id=29256]
  0x000002c180be7490 GCTaskThread "GC Thread#12" [stack: 0x000000d52e800000,0x000000d52e900000] [id=17728]
  0x000002c1d44c6c90 ConcurrentGCThread "G1 Main Marker" [stack: 0x000000d52c100000,0x000000d52c200000] [id=31848]
  0x000002c1d44c76a0 ConcurrentGCThread "G1 Conc#0" [stack: 0x000000d52c200000,0x000000d52c300000] [id=13936]
  0x000002c1ff0ab180 ConcurrentGCThread "G1 Conc#1" [stack: 0x000000d52de00000,0x000000d52df00000] [id=21664]
  0x000002c1ff0abef0 ConcurrentGCThread "G1 Conc#2" [stack: 0x000000d52df00000,0x000000d52e000000] [id=7616]
  0x000002c1f9a4caf0 ConcurrentGCThread "G1 Refine#0" [stack: 0x000000d52c300000,0x000000d52c400000] [id=18688]
  0x000002c1ff6b0150 ConcurrentGCThread "G1 Refine#1" [stack: 0x000000d52e600000,0x000000d52e700000] [id=31280]
  0x000002c1ff154a10 ConcurrentGCThread "G1 Refine#2" [stack: 0x000000d52e700000,0x000000d52e800000] [id=29980]
  0x000002c180ea6960 ConcurrentGCThread "G1 Refine#3" [stack: 0x000000d52ec00000,0x000000d52ed00000] [id=29708]
  0x000002c180ea8ec0 ConcurrentGCThread "G1 Refine#4" [stack: 0x000000d52ed00000,0x000000d52ee00000] [id=13688]
  0x000002c184ca9e60 ConcurrentGCThread "G1 Refine#5" [stack: 0x000000d52e100000,0x000000d52e200000] [id=14440]
  0x000002c1f9a4d510 ConcurrentGCThread "G1 Service" [stack: 0x000000d52c400000,0x000000d52c500000] [id=11824]

Threads with active compile tasks:
C2 CompilerThread0    26567 14465       4       org.jetbrains.kotlin.resolve.jvm.checkers.JavaTypeAccessibilityChecker::findInaccessibleJavaClassesRec (110 bytes)
C2 CompilerThread1    26567 14439       4       org.jetbrains.kotlin.resolve.calls.components.ResolutionPartsKt::resolveKotlinArgument (572 bytes)
C2 CompilerThread2    26568 14304       4       org.jetbrains.kotlin.resolve.calls.tower.AbstractSimpleScopeTowerProcessor::createCandidates (101 bytes)
C2 CompilerThread3    26568 14442       4       org.jetbrains.kotlin.resolve.calls.components.PostponeArgumentsChecksKt::resolveKtPrimitive (131 bytes)
C2 CompilerThread4    26568 14461       4       org.jetbrains.kotlin.resolve.calls.components.candidate.ResolutionCandidate::processParts (188 bytes)
C2 CompilerThread5    26568 14455       4       org.jetbrains.kotlin.resolve.calls.components.candidate.ResolutionCandidate::getResultingApplicabilities (39 bytes)

VM state: not at safepoint (normal execution)

VM Mutex/Monitor currently owned by a thread: None

Heap address: 0x000000068a400000, size: 5980 MB, Compressed Oops mode: Zero based, Oop shift amount: 3

CDS archive(s) not mapped
Compressed class space mapped at: 0x0000000800000000-0x0000000840000000, reserved size: 1073741824
Narrow klass base: 0x0000000800000000, Narrow klass shift: 0, Narrow klass range: 0x40000000

GC Precious Log:
 CPUs: 16 total, 16 available
 Memory: 23916M
 Large Page Support: Disabled
 NUMA Support: Disabled
 Compressed Oops: Enabled (Zero based)
 Heap Region Size: 4M
 Heap Min Capacity: 8M
 Heap Initial Capacity: 376M
 Heap Max Capacity: 5980M
 Pre-touch: Disabled
 Parallel Workers: 13
 Concurrent Workers: 3
 Concurrent Refinement Workers: 13
 Periodic GC: Disabled

Heap:
 garbage-first heap   total 364544K, used 273788K [0x000000068a400000, 0x0000000800000000)
  region size 4096K, 48 young (196608K), 1 survivors (4096K)
 Metaspace       used 66441K, committed 66752K, reserved 1114112K
  class space    used 7414K, committed 7616K, reserved 1048576K

Heap Regions: E=young(eden), S=young(survivor), O=old, HS=humongous(starts), HC=humongous(continues), CS=collection set, F=free, OA=open archive, CA=closed archive, TAMS=top-at-mark-start (previous, next)
|   0|0x000000068a400000, 0x000000068a800000, 0x000000068a800000|100%|HS|  |TAMS 0x000000068a800000, 0x000000068a400000| Complete 
|   1|0x000000068a800000, 0x000000068ac00000, 0x000000068ac00000|100%| O|  |TAMS 0x000000068ac00000, 0x000000068a800000| Untracked 
|   2|0x000000068ac00000, 0x000000068b000000, 0x000000068b000000|100%| O|  |TAMS 0x000000068b000000, 0x000000068ac00000| Untracked 
|   3|0x000000068b000000, 0x000000068b400000, 0x000000068b400000|100%| O|  |TAMS 0x000000068b400000, 0x000000068b000000| Untracked 
|   4|0x000000068b400000, 0x000000068b679e00, 0x000000068b800000| 61%| O|  |TAMS 0x000000068b679e00, 0x000000068b400000| Untracked 
|   5|0x000000068b800000, 0x000000068bc00000, 0x000000068bc00000|100%| O|  |TAMS 0x000000068bc00000, 0x000000068b800000| Untracked 
|   6|0x000000068bc00000, 0x000000068c000000, 0x000000068c000000|100%| O|  |TAMS 0x000000068c000000, 0x000000068bc00000| Untracked 
|   7|0x000000068c000000, 0x000000068c400000, 0x000000068c400000|100%| O|  |TAMS 0x000000068c400000, 0x000000068c000000| Untracked 
|   8|0x000000068c400000, 0x000000068c800000, 0x000000068c800000|100%| O|  |TAMS 0x000000068c800000, 0x000000068c400000| Untracked 
|   9|0x000000068c800000, 0x000000068cc00000, 0x000000068cc00000|100%| O|  |TAMS 0x000000068cc00000, 0x000000068c800000| Untracked 
|  10|0x000000068cc00000, 0x000000068d000000, 0x000000068d000000|100%| O|  |TAMS 0x000000068d000000, 0x000000068cc00000| Untracked 
|  11|0x000000068d000000, 0x000000068d400000, 0x000000068d400000|100%| O|  |TAMS 0x000000068d400000, 0x000000068d000000| Untracked 
|  12|0x000000068d400000, 0x000000068d800000, 0x000000068d800000|100%| O|  |TAMS 0x000000068d800000, 0x000000068d400000| Untracked 
|  13|0x000000068d800000, 0x000000068dc00000, 0x000000068dc00000|100%| O|  |TAMS 0x000000068dc00000, 0x000000068d800000| Untracked 
|  14|0x000000068dc00000, 0x000000068e000000, 0x000000068e000000|100%| O|  |TAMS 0x000000068e000000, 0x000000068dc00000| Untracked 
|  15|0x000000068e000000, 0x000000068e400000, 0x000000068e400000|100%| O|  |TAMS 0x000000068e400000, 0x000000068e000000| Untracked 
|  16|0x000000068e400000, 0x000000068e800000, 0x000000068e800000|100%| O|  |TAMS 0x000000068e800000, 0x000000068e400000| Untracked 
|  17|0x000000068e800000, 0x000000068ec00000, 0x000000068ec00000|100%| O|  |TAMS 0x000000068ec00000, 0x000000068e800000| Untracked 
|  18|0x000000068ec00000, 0x000000068f000000, 0x000000068f000000|100%| O|  |TAMS 0x000000068f000000, 0x000000068ec00000| Untracked 
|  19|0x000000068f000000, 0x000000068f214c00, 0x000000068f400000| 52%| O|  |TAMS 0x000000068f214c00, 0x000000068f000000| Untracked 
|  20|0x000000068f400000, 0x000000068f400000, 0x000000068f800000|  0%| F|  |TAMS 0x000000068f400000, 0x000000068f400000| Untracked 
|  21|0x000000068f800000, 0x000000068f800000, 0x000000068fc00000|  0%| F|  |TAMS 0x000000068f800000, 0x000000068f800000| Untracked 
|  22|0x000000068fc00000, 0x000000068fc00000, 0x0000000690000000|  0%| F|  |TAMS 0x000000068fc00000, 0x000000068fc00000| Untracked 
|  23|0x0000000690000000, 0x0000000690000000, 0x0000000690400000|  0%| F|  |TAMS 0x0000000690000000, 0x0000000690000000| Untracked 
|  24|0x0000000690400000, 0x0000000690400000, 0x0000000690800000|  0%| F|  |TAMS 0x0000000690400000, 0x0000000690400000| Untracked 
|  25|0x0000000690800000, 0x0000000690800000, 0x0000000690c00000|  0%| F|  |TAMS 0x0000000690800000, 0x0000000690800000| Untracked 
|  26|0x0000000690c00000, 0x0000000690c00000, 0x0000000691000000|  0%| F|  |TAMS 0x0000000690c00000, 0x0000000690c00000| Untracked 
|  27|0x0000000691000000, 0x0000000691000000, 0x0000000691400000|  0%| F|  |TAMS 0x0000000691000000, 0x0000000691000000| Untracked 
|  28|0x0000000691400000, 0x0000000691400000, 0x0000000691800000|  0%| F|  |TAMS 0x0000000691400000, 0x0000000691400000| Untracked 
|  29|0x0000000691800000, 0x0000000691800000, 0x0000000691c00000|  0%| F|  |TAMS 0x0000000691800000, 0x0000000691800000| Untracked 
|  30|0x0000000691c00000, 0x0000000691c00000, 0x0000000692000000|  0%| F|  |TAMS 0x0000000691c00000, 0x0000000691c00000| Untracked 
|  31|0x0000000692000000, 0x0000000692000000, 0x0000000692400000|  0%| F|  |TAMS 0x0000000692000000, 0x0000000692000000| Untracked 
|  32|0x0000000692400000, 0x0000000692400000, 0x0000000692800000|  0%| F|  |TAMS 0x0000000692400000, 0x0000000692400000| Untracked 
|  33|0x0000000692800000, 0x0000000692800000, 0x0000000692c00000|  0%| F|  |TAMS 0x0000000692800000, 0x0000000692800000| Untracked 
|  34|0x0000000692c00000, 0x0000000692ed0930, 0x0000000693000000| 70%| S|CS|TAMS 0x0000000692c00000, 0x0000000692c00000| Complete 
|  35|0x0000000693000000, 0x0000000693000000, 0x0000000693400000|  0%| F|  |TAMS 0x0000000693000000, 0x0000000693000000| Untracked 
|  36|0x0000000693400000, 0x0000000693400000, 0x0000000693800000|  0%| F|  |TAMS 0x0000000693400000, 0x0000000693400000| Untracked 
|  37|0x0000000693800000, 0x0000000693800000, 0x0000000693c00000|  0%| F|  |TAMS 0x0000000693800000, 0x0000000693800000| Untracked 
|  38|0x0000000693c00000, 0x0000000693c00000, 0x0000000694000000|  0%| F|  |TAMS 0x0000000693c00000, 0x0000000693c00000| Untracked 
|  39|0x0000000694000000, 0x0000000694000000, 0x0000000694400000|  0%| F|  |TAMS 0x0000000694000000, 0x0000000694000000| Untracked 
|  40|0x0000000694400000, 0x0000000694400000, 0x0000000694800000|  0%| F|  |TAMS 0x0000000694400000, 0x0000000694400000| Untracked 
|  41|0x0000000694800000, 0x0000000694c00000, 0x0000000694c00000|100%| E|  |TAMS 0x0000000694800000, 0x0000000694800000| Complete 
|  42|0x0000000694c00000, 0x0000000695000000, 0x0000000695000000|100%| E|CS|TAMS 0x0000000694c00000, 0x0000000694c00000| Complete 
|  43|0x0000000695000000, 0x0000000695400000, 0x0000000695400000|100%| E|CS|TAMS 0x0000000695000000, 0x0000000695000000| Complete 
|  44|0x0000000695400000, 0x0000000695800000, 0x0000000695800000|100%| E|CS|TAMS 0x0000000695400000, 0x0000000695400000| Complete 
|  45|0x0000000695800000, 0x0000000695c00000, 0x0000000695c00000|100%| E|CS|TAMS 0x0000000695800000, 0x0000000695800000| Complete 
|  46|0x0000000695c00000, 0x0000000696000000, 0x0000000696000000|100%| E|CS|TAMS 0x0000000695c00000, 0x0000000695c00000| Complete 
|  47|0x0000000696000000, 0x0000000696400000, 0x0000000696400000|100%| E|CS|TAMS 0x0000000696000000, 0x0000000696000000| Complete 
|  48|0x0000000696400000, 0x0000000696800000, 0x0000000696800000|100%| E|CS|TAMS 0x0000000696400000, 0x0000000696400000| Complete 
|  49|0x0000000696800000, 0x0000000696c00000, 0x0000000696c00000|100%| E|CS|TAMS 0x0000000696800000, 0x0000000696800000| Complete 
|  50|0x0000000696c00000, 0x0000000697000000, 0x0000000697000000|100%| E|CS|TAMS 0x0000000696c00000, 0x0000000696c00000| Complete 
|  51|0x0000000697000000, 0x0000000697400000, 0x0000000697400000|100%| E|CS|TAMS 0x0000000697000000, 0x0000000697000000| Complete 
|  52|0x0000000697400000, 0x0000000697800000, 0x0000000697800000|100%| E|CS|TAMS 0x0000000697400000, 0x0000000697400000| Complete 
|  53|0x0000000697800000, 0x0000000697c00000, 0x0000000697c00000|100%| E|CS|TAMS 0x0000000697800000, 0x0000000697800000| Complete 
|  54|0x0000000697c00000, 0x0000000698000000, 0x0000000698000000|100%| E|CS|TAMS 0x0000000697c00000, 0x0000000697c00000| Complete 
|  55|0x0000000698000000, 0x0000000698400000, 0x0000000698400000|100%| E|CS|TAMS 0x0000000698000000, 0x0000000698000000| Complete 
|  56|0x0000000698400000, 0x0000000698800000, 0x0000000698800000|100%| E|CS|TAMS 0x0000000698400000, 0x0000000698400000| Complete 
|  57|0x0000000698800000, 0x0000000698c00000, 0x0000000698c00000|100%| E|CS|TAMS 0x0000000698800000, 0x0000000698800000| Complete 
|  58|0x0000000698c00000, 0x0000000699000000, 0x0000000699000000|100%| E|CS|TAMS 0x0000000698c00000, 0x0000000698c00000| Complete 
|  59|0x0000000699000000, 0x0000000699400000, 0x0000000699400000|100%| E|CS|TAMS 0x0000000699000000, 0x0000000699000000| Complete 
|  60|0x0000000699400000, 0x0000000699800000, 0x0000000699800000|100%| E|CS|TAMS 0x0000000699400000, 0x0000000699400000| Complete 
|  61|0x0000000699800000, 0x0000000699c00000, 0x0000000699c00000|100%| E|CS|TAMS 0x0000000699800000, 0x0000000699800000| Complete 
|  62|0x0000000699c00000, 0x000000069a000000, 0x000000069a000000|100%| E|CS|TAMS 0x0000000699c00000, 0x0000000699c00000| Complete 
|  63|0x000000069a000000, 0x000000069a400000, 0x000000069a400000|100%| E|CS|TAMS 0x000000069a000000, 0x000000069a000000| Complete 
|  64|0x000000069a400000, 0x000000069a800000, 0x000000069a800000|100%| E|CS|TAMS 0x000000069a400000, 0x000000069a400000| Complete 
|  65|0x000000069a800000, 0x000000069ac00000, 0x000000069ac00000|100%| E|CS|TAMS 0x000000069a800000, 0x000000069a800000| Complete 
|  66|0x000000069ac00000, 0x000000069b000000, 0x000000069b000000|100%| E|CS|TAMS 0x000000069ac00000, 0x000000069ac00000| Complete 
|  67|0x000000069b000000, 0x000000069b400000, 0x000000069b400000|100%| E|CS|TAMS 0x000000069b000000, 0x000000069b000000| Complete 
|  68|0x000000069b400000, 0x000000069b800000, 0x000000069b800000|100%| E|CS|TAMS 0x000000069b400000, 0x000000069b400000| Complete 
|  69|0x000000069b800000, 0x000000069bc00000, 0x000000069bc00000|100%| E|CS|TAMS 0x000000069b800000, 0x000000069b800000| Complete 
|  70|0x000000069bc00000, 0x000000069c000000, 0x000000069c000000|100%| E|CS|TAMS 0x000000069bc00000, 0x000000069bc00000| Complete 
|  71|0x000000069c000000, 0x000000069c400000, 0x000000069c400000|100%| E|CS|TAMS 0x000000069c000000, 0x000000069c000000| Complete 
|  72|0x000000069c400000, 0x000000069c800000, 0x000000069c800000|100%| E|CS|TAMS 0x000000069c400000, 0x000000069c400000| Complete 
|  73|0x000000069c800000, 0x000000069cc00000, 0x000000069cc00000|100%| E|CS|TAMS 0x000000069c800000, 0x000000069c800000| Complete 
|  74|0x000000069cc00000, 0x000000069d000000, 0x000000069d000000|100%| E|CS|TAMS 0x000000069cc00000, 0x000000069cc00000| Complete 
|  75|0x000000069d000000, 0x000000069d400000, 0x000000069d400000|100%| E|CS|TAMS 0x000000069d000000, 0x000000069d000000| Complete 
|  76|0x000000069d400000, 0x000000069d800000, 0x000000069d800000|100%| E|CS|TAMS 0x000000069d400000, 0x000000069d400000| Complete 
|  77|0x000000069d800000, 0x000000069dc00000, 0x000000069dc00000|100%| E|CS|TAMS 0x000000069d800000, 0x000000069d800000| Complete 
|  78|0x000000069dc00000, 0x000000069e000000, 0x000000069e000000|100%| E|CS|TAMS 0x000000069dc00000, 0x000000069dc00000| Complete 
|  79|0x000000069e000000, 0x000000069e400000, 0x000000069e400000|100%| E|CS|TAMS 0x000000069e000000, 0x000000069e000000| Complete 
|  80|0x000000069e400000, 0x000000069e800000, 0x000000069e800000|100%| E|CS|TAMS 0x000000069e400000, 0x000000069e400000| Complete 
|  81|0x000000069e800000, 0x000000069ec00000, 0x000000069ec00000|100%| E|CS|TAMS 0x000000069e800000, 0x000000069e800000| Complete 
|  82|0x000000069ec00000, 0x000000069f000000, 0x000000069f000000|100%| E|CS|TAMS 0x000000069ec00000, 0x000000069ec00000| Complete 
|  83|0x000000069f000000, 0x000000069f400000, 0x000000069f400000|100%| E|CS|TAMS 0x000000069f000000, 0x000000069f000000| Complete 
|  84|0x000000069f400000, 0x000000069f800000, 0x000000069f800000|100%| E|CS|TAMS 0x000000069f400000, 0x000000069f400000| Complete 
|  85|0x000000069f800000, 0x000000069fc00000, 0x000000069fc00000|100%| E|CS|TAMS 0x000000069f800000, 0x000000069f800000| Complete 
|  86|0x000000069fc00000, 0x00000006a0000000, 0x00000006a0000000|100%| E|CS|TAMS 0x000000069fc00000, 0x000000069fc00000| Complete 
|  93|0x00000006a1800000, 0x00000006a1c00000, 0x00000006a1c00000|100%| E|CS|TAMS 0x00000006a1800000, 0x00000006a1800000| Complete 
|1494|0x00000007ffc00000, 0x0000000800000000, 0x0000000800000000|100%| O|  |TAMS 0x0000000800000000, 0x00000007ffc00000| Untracked 

Card table byte_map: [0x000002c1e9c40000,0x000002c1ea7f0000] _byte_map_base: 0x000002c1e67ee000

Marking Bits (Prev, Next): (CMBitMap*) 0x000002c1d44ba8d0, (CMBitMap*) 0x000002c1d44ba890
 Prev Bits: [0x000002c1f1110000, 0x000002c1f6e80000)
 Next Bits: [0x000002c1eb3a0000, 0x000002c1f1110000)

Polling page: 0x000002c1d44f0000

Metaspace:

Usage:
  Non-class:     57.65 MB used.
      Class:      7.24 MB used.
       Both:     64.89 MB used.

Virtual space:
  Non-class space:       64.00 MB reserved,      57.75 MB ( 90%) committed,  1 nodes.
      Class space:        1.00 GB reserved,       7.44 MB ( <1%) committed,  1 nodes.
             Both:        1.06 GB reserved,      65.19 MB (  6%) committed. 

Chunk freelists:
   Non-Class:  6.06 MB
       Class:  8.62 MB
        Both:  14.69 MB

MaxMetaspaceSize: unlimited
CompressedClassSpaceSize: 1.00 GB
Initial GC threshold: 21.00 MB
Current GC threshold: 108.06 MB
CDS: off
MetaspaceReclaimPolicy: balanced
 - commit_granule_bytes: 65536.
 - commit_granule_words: 8192.
 - virtual_space_node_default_size: 8388608.
 - enlarge_chunks_in_place: 1.
 - new_chunks_are_fully_committed: 0.
 - uncommit_free_chunks: 1.
 - use_allocation_guard: 0.
 - handle_deallocations: 1.


Internal statistics:

num_allocs_failed_limit: 9.
num_arena_births: 318.
num_arena_deaths: 0.
num_vsnodes_births: 2.
num_vsnodes_deaths: 0.
num_space_committed: 1041.
num_space_uncommitted: 0.
num_chunks_returned_to_freelist: 9.
num_chunks_taken_from_freelist: 2581.
num_chunk_merges: 9.
num_chunk_splits: 1977.
num_chunks_enlarged: 1673.
num_inconsistent_stats: 0.

CodeHeap 'non-profiled nmethods': size=119168Kb used=10126Kb max_used=10312Kb free=109041Kb
 bounds [0x000002c1e0c70000, 0x000002c1e1690000, 0x000002c1e80d0000]
CodeHeap 'profiled nmethods': size=119104Kb used=34771Kb max_used=36560Kb free=84332Kb
 bounds [0x000002c1d90d0000, 0x000002c1db490000, 0x000002c1e0520000]
CodeHeap 'non-nmethods': size=7488Kb used=2997Kb max_used=3135Kb free=4490Kb
 bounds [0x000002c1e0520000, 0x000002c1e0840000, 0x000002c1e0c70000]
 total_blobs=12324 nmethods=11711 adapters=519
 compilation: enabled
              stopped_count=0, restarted_count=0
 full_count=0

Compilation events (20 events):
Event: 26.492 Thread 0x000002c1ff237540 14459       4       org.jetbrains.kotlin.types.TypeSubstitutor::substitute (55 bytes)
Event: 26.510 Thread 0x000002c1fa226780 14462       3       org.jetbrains.kotlin.types.typeUtil.TypeUtilsKt::shouldBeUpdated (23 bytes)
Event: 26.511 Thread 0x000002c1ff237540 nmethod 14459 0x000002c1e0f03710 code [0x000002c1e0f03940, 0x000002c1e0f04280]
Event: 26.511 Thread 0x000002c1fa226780 nmethod 14462 0x000002c1db327110 code [0x000002c1db327340, 0x000002c1db327b08]
Event: 26.512 Thread 0x000002c1ff237540 14461       4       org.jetbrains.kotlin.resolve.calls.components.candidate.ResolutionCandidate::processParts (188 bytes)
Event: 26.512 Thread 0x000002c1fa226780 14463       3       org.jetbrains.kotlin.builtins.functions.FunctionClassDescriptor::getAnnotations (7 bytes)
Event: 26.513 Thread 0x000002c1fa226780 nmethod 14463 0x000002c1d973ed10 code [0x000002c1d973eea0, 0x000002c1d973f018]
Event: 26.513 Thread 0x000002c1ff238470 14464       3       org.jetbrains.kotlin.types.expressions.typeInfoFactory.TypeInfoFactoryKt::createTypeInfo (11 bytes)
Event: 26.514 Thread 0x000002c1ff238470 nmethod 14464 0x000002c1d9a64710 code [0x000002c1d9a648c0, 0x000002c1d9a64a48]
Event: 26.516 Thread 0x000002c1fa0b6540 nmethod 14449 0x000002c1e12dd310 code [0x000002c1e12dd5a0, 0x000002c1e12df9c8]
Event: 26.518 Thread 0x000002c1fa0b6540 14465       4       org.jetbrains.kotlin.resolve.jvm.checkers.JavaTypeAccessibilityChecker::findInaccessibleJavaClassesRec (110 bytes)
Event: 26.529 Thread 0x000002c1fa226780 14466       3       org.jetbrains.kotlin.load.java.descriptors.JavaClassConstructorDescriptor::setHasStableParameterNames (9 bytes)
Event: 26.529 Thread 0x000002c1ff238470 14467       3       org.jetbrains.kotlin.load.java.descriptors.JavaClassConstructorDescriptor::setHasSynthesizedParameterNames (9 bytes)
Event: 26.532 Thread 0x000002c1fa7a0e70 14468       3       org.jetbrains.kotlin.resolve.jvm.kotlinSignature.SignaturesPropagationData$ValueParameters::<init> (28 bytes)
Event: 26.534 Thread 0x000002c1fa0b7d20 14470       3       org.jetbrains.kotlin.serialization.deserialization.descriptors.DeserializedTypeParameterDescriptor::resolveUpperBounds (145 bytes)
Event: 26.535 Thread 0x000002c1fa226780 nmethod 14466 0x000002c1d92a3310 code [0x000002c1d92a34c0, 0x000002c1d92a36f8]
Event: 26.535 Thread 0x000002c1ff238470 nmethod 14467 0x000002c1d9aeb790 code [0x000002c1d9aeb940, 0x000002c1d9aebb78]
Event: 26.536 Thread 0x000002c1fa226780 14469       3       org.jetbrains.kotlin.codegen.state.KotlinTypeMapper$typeMappingConfiguration$1::preprocessType (32 bytes)
Event: 26.536 Thread 0x000002c1ff238470 14471       3       org.jetbrains.kotlin.metadata.deserialization.ProtoTypeTableUtilKt::upperBounds (167 bytes)
Event: 26.536 Thread 0x000002c1fa7a0e70 nmethod 14468 0x000002c1d9a0d190 code [0x000002c1d9a0d340, 0x000002c1d9a0d608]

GC Heap History (20 events):
Event: 22.289 GC heap before
{Heap before GC invocations=30 (full 0):
 garbage-first heap   total 184320K, used 142439K [0x000000068a400000, 0x0000000800000000)
  region size 4096K, 16 young (65536K), 2 survivors (8192K)
 Metaspace       used 66183K, committed 66432K, reserved 1114112K
  class space    used 7403K, committed 7488K, reserved 1048576K
}
Event: 22.296 GC heap after
{Heap after GC invocations=31 (full 0):
 garbage-first heap   total 184320K, used 85865K [0x000000068a400000, 0x0000000800000000)
  region size 4096K, 1 young (4096K), 1 survivors (4096K)
 Metaspace       used 66183K, committed 66432K, reserved 1114112K
  class space    used 7403K, committed 7488K, reserved 1048576K
}
Event: 22.436 GC heap before
{Heap before GC invocations=31 (full 0):
 garbage-first heap   total 184320K, used 143209K [0x000000068a400000, 0x0000000800000000)
  region size 4096K, 15 young (61440K), 1 survivors (4096K)
 Metaspace       used 66183K, committed 66432K, reserved 1114112K
  class space    used 7403K, committed 7488K, reserved 1048576K
}
Event: 22.439 GC heap after
{Heap after GC invocations=32 (full 0):
 garbage-first heap   total 184320K, used 85217K [0x000000068a400000, 0x0000000800000000)
  region size 4096K, 1 young (4096K), 1 survivors (4096K)
 Metaspace       used 66183K, committed 66432K, reserved 1114112K
  class space    used 7403K, committed 7488K, reserved 1048576K
}
Event: 22.657 GC heap before
{Heap before GC invocations=33 (full 0):
 garbage-first heap   total 184320K, used 146657K [0x000000068a400000, 0x0000000800000000)
  region size 4096K, 16 young (65536K), 1 survivors (4096K)
 Metaspace       used 66183K, committed 66432K, reserved 1114112K
  class space    used 7403K, committed 7488K, reserved 1048576K
}
Event: 22.659 GC heap after
{Heap after GC invocations=34 (full 0):
 garbage-first heap   total 184320K, used 85322K [0x000000068a400000, 0x0000000800000000)
  region size 4096K, 1 young (4096K), 1 survivors (4096K)
 Metaspace       used 66183K, committed 66432K, reserved 1114112K
  class space    used 7403K, committed 7488K, reserved 1048576K
}
Event: 22.768 GC heap before
{Heap before GC invocations=34 (full 0):
 garbage-first heap   total 184320K, used 146762K [0x000000068a400000, 0x0000000800000000)
  region size 4096K, 16 young (65536K), 1 survivors (4096K)
 Metaspace       used 66185K, committed 66432K, reserved 1114112K
  class space    used 7403K, committed 7488K, reserved 1048576K
}
Event: 22.771 GC heap after
{Heap after GC invocations=35 (full 0):
 garbage-first heap   total 184320K, used 85282K [0x000000068a400000, 0x0000000800000000)
  region size 4096K, 1 young (4096K), 1 survivors (4096K)
 Metaspace       used 66185K, committed 66432K, reserved 1114112K
  class space    used 7403K, committed 7488K, reserved 1048576K
}
Event: 22.887 GC heap before
{Heap before GC invocations=35 (full 0):
 garbage-first heap   total 233472K, used 150818K [0x000000068a400000, 0x0000000800000000)
  region size 4096K, 17 young (69632K), 1 survivors (4096K)
 Metaspace       used 66185K, committed 66432K, reserved 1114112K
  class space    used 7403K, committed 7488K, reserved 1048576K
}
Event: 22.890 GC heap after
{Heap after GC invocations=36 (full 0):
 garbage-first heap   total 364544K, used 85111K [0x000000068a400000, 0x0000000800000000)
  region size 4096K, 1 young (4096K), 1 survivors (4096K)
 Metaspace       used 66185K, committed 66432K, reserved 1114112K
  class space    used 7403K, committed 7488K, reserved 1048576K
}
Event: 23.503 GC heap before
{Heap before GC invocations=37 (full 0):
 garbage-first heap   total 364544K, used 298103K [0x000000068a400000, 0x0000000800000000)
  region size 4096K, 53 young (217088K), 1 survivors (4096K)
 Metaspace       used 66200K, committed 66432K, reserved 1114112K
  class space    used 7403K, committed 7488K, reserved 1048576K
}
Event: 23.505 GC heap after
{Heap after GC invocations=38 (full 0):
 garbage-first heap   total 364544K, used 85262K [0x000000068a400000, 0x0000000800000000)
  region size 4096K, 1 young (4096K), 1 survivors (4096K)
 Metaspace       used 66200K, committed 66432K, reserved 1114112K
  class space    used 7403K, committed 7488K, reserved 1048576K
}
Event: 23.973 GC heap before
{Heap before GC invocations=38 (full 0):
 garbage-first heap   total 364544K, used 298254K [0x000000068a400000, 0x0000000800000000)
  region size 4096K, 53 young (217088K), 1 survivors (4096K)
 Metaspace       used 66236K, committed 66496K, reserved 1114112K
  class space    used 7403K, committed 7488K, reserved 1048576K
}
Event: 23.975 GC heap after
{Heap after GC invocations=39 (full 0):
 garbage-first heap   total 364544K, used 85374K [0x000000068a400000, 0x0000000800000000)
  region size 4096K, 1 young (4096K), 1 survivors (4096K)
 Metaspace       used 66236K, committed 66496K, reserved 1114112K
  class space    used 7403K, committed 7488K, reserved 1048576K
}
Event: 24.642 GC heap before
{Heap before GC invocations=39 (full 0):
 garbage-first heap   total 364544K, used 298366K [0x000000068a400000, 0x0000000800000000)
  region size 4096K, 53 young (217088K), 1 survivors (4096K)
 Metaspace       used 66255K, committed 66496K, reserved 1114112K
  class space    used 7403K, committed 7488K, reserved 1048576K
}
Event: 24.644 GC heap after
{Heap after GC invocations=40 (full 0):
 garbage-first heap   total 364544K, used 85503K [0x000000068a400000, 0x0000000800000000)
  region size 4096K, 1 young (4096K), 1 survivors (4096K)
 Metaspace       used 66255K, committed 66496K, reserved 1114112K
  class space    used 7403K, committed 7488K, reserved 1048576K
}
Event: 24.957 GC heap before
{Heap before GC invocations=40 (full 0):
 garbage-first heap   total 364544K, used 298495K [0x000000068a400000, 0x0000000800000000)
  region size 4096K, 53 young (217088K), 1 survivors (4096K)
 Metaspace       used 66261K, committed 66496K, reserved 1114112K
  class space    used 7403K, committed 7488K, reserved 1048576K
}
Event: 24.958 GC heap after
{Heap after GC invocations=41 (full 0):
 garbage-first heap   total 364544K, used 85540K [0x000000068a400000, 0x0000000800000000)
  region size 4096K, 1 young (4096K), 1 survivors (4096K)
 Metaspace       used 66261K, committed 66496K, reserved 1114112K
  class space    used 7403K, committed 7488K, reserved 1048576K
}
Event: 25.299 GC heap before
{Heap before GC invocations=41 (full 0):
 garbage-first heap   total 364544K, used 298532K [0x000000068a400000, 0x0000000800000000)
  region size 4096K, 53 young (217088K), 1 survivors (4096K)
 Metaspace       used 66262K, committed 66496K, reserved 1114112K
  class space    used 7403K, committed 7488K, reserved 1048576K
}
Event: 25.301 GC heap after
{Heap after GC invocations=42 (full 0):
 garbage-first heap   total 364544K, used 85372K [0x000000068a400000, 0x0000000800000000)
  region size 4096K, 1 young (4096K), 1 survivors (4096K)
 Metaspace       used 66262K, committed 66496K, reserved 1114112K
  class space    used 7403K, committed 7488K, reserved 1048576K
}

Dll operation events (2 events):
Event: 0.010 Loaded shared library C:\Program Files\Android\Android Studio\jbr\bin\java.dll
Event: 0.957 Loaded shared library C:\Program Files\Android\Android Studio\jbr\bin\verify.dll

Deoptimization events (20 events):
Event: 26.226 Thread 0x000002c1d4431ea0 Uncommon trap: trap_request=0xffffff45 fr.pc=0x000002c1e15bae9c relative=0x000000000000187c
Event: 26.226 Thread 0x000002c1d4431ea0 Uncommon trap: reason=unstable_if action=reinterpret pc=0x000002c1e15bae9c method=org.jetbrains.kotlin.resolve.calls.inference.components.VariableFixationFinder.variableHasTrivialOrNonProperConstraints(Lorg/jetbrains/kotlin/resolve/calls/inference/compone
Event: 26.227 Thread 0x000002c1d4431ea0 DEOPT PACKING pc=0x000002c1e15bae9c sp=0x000000d52bff9090
Event: 26.227 Thread 0x000002c1d4431ea0 DEOPT UNPACKING pc=0x000002c1e05769a3 sp=0x000000d52bff9040 mode 2
Event: 26.230 Thread 0x000002c1d4431ea0 Uncommon trap: trap_request=0xffffff45 fr.pc=0x000002c1e12eef00 relative=0x0000000000000880
Event: 26.230 Thread 0x000002c1d4431ea0 Uncommon trap: reason=unstable_if action=reinterpret pc=0x000002c1e12eef00 method=org.jetbrains.kotlin.types.TypeSubstitutor.unsafeSubstitute(Lorg/jetbrains/kotlin/types/TypeProjection;Lorg/jetbrains/kotlin/descriptors/TypeParameterDescriptor;I)Lorg/jetbr
Event: 26.230 Thread 0x000002c1d4431ea0 DEOPT PACKING pc=0x000002c1e12eef00 sp=0x000000d52bff87a0
Event: 26.230 Thread 0x000002c1d4431ea0 DEOPT UNPACKING pc=0x000002c1e05769a3 sp=0x000000d52bff8768 mode 2
Event: 26.335 Thread 0x000002c1d4431ea0 Uncommon trap: trap_request=0xffffffde fr.pc=0x000002c1e14131f0 relative=0x0000000000001b70
Event: 26.335 Thread 0x000002c1d4431ea0 Uncommon trap: reason=class_check action=maybe_recompile pc=0x000002c1e14131f0 method=org.jetbrains.kotlin.resolve.calls.tower.VariableAndObjectScopeTowerProcessor.process(Lorg/jetbrains/kotlin/resolve/calls/tower/TowerData;)Ljava/util/List; @ 40 c2
Event: 26.335 Thread 0x000002c1d4431ea0 DEOPT PACKING pc=0x000002c1e14131f0 sp=0x000000d52bffbab0
Event: 26.335 Thread 0x000002c1d4431ea0 DEOPT UNPACKING pc=0x000002c1e05769a3 sp=0x000000d52bffba48 mode 2
Event: 26.516 Thread 0x000002c1d4431ea0 Uncommon trap: trap_request=0xffffff45 fr.pc=0x000002c1e164f088 relative=0x0000000000000308
Event: 26.516 Thread 0x000002c1d4431ea0 Uncommon trap: reason=unstable_if action=reinterpret pc=0x000002c1e164f088 method=org.jetbrains.kotlin.psi.KtValueArgument.getSpreadElement()Lorg/jetbrains/kotlin/com/intellij/psi/impl/source/tree/LeafPsiElement; @ 37 c2
Event: 26.516 Thread 0x000002c1d4431ea0 DEOPT PACKING pc=0x000002c1e164f088 sp=0x000000d52bffd760
Event: 26.516 Thread 0x000002c1d4431ea0 DEOPT UNPACKING pc=0x000002c1e05769a3 sp=0x000000d52bffd708 mode 2
Event: 26.534 Thread 0x000002c1d4431ea0 Uncommon trap: trap_request=0xffffff45 fr.pc=0x000002c1e16361e0 relative=0x00000000000038a0
Event: 26.535 Thread 0x000002c1d4431ea0 Uncommon trap: reason=unstable_if action=reinterpret pc=0x000002c1e16361e0 method=org.jetbrains.kotlin.resolve.calls.inference.model.MutableVariableWithConstraints.isUsefulConstraint(Lorg/jetbrains/kotlin/resolve/calls/inference/model/Constraint;Ljava/uti
Event: 26.535 Thread 0x000002c1d4431ea0 DEOPT PACKING pc=0x000002c1e16361e0 sp=0x000000d52bffa9e0
Event: 26.535 Thread 0x000002c1d4431ea0 DEOPT UNPACKING pc=0x000002c1e05769a3 sp=0x000000d52bffa908 mode 2

Classes unloaded (0 events):
No events

Classes redefined (0 events):
No events

Internal exceptions (20 events):
Event: 6.828 Thread 0x000002c1d4431ea0 Exception <a 'java/lang/NoSuchMethodError'{0x00000006a1a5bb70}: 'void java.lang.invoke.DirectMethodHandle$Holder.invokeInterface(java.lang.Object, java.lang.Object)'> (0x00000006a1a5bb70) 
thrown [s\src\hotspot\share\interpreter\linkResolver.cpp, line 771]
Event: 7.011 Thread 0x000002c1d4431ea0 Implicit null exception at 0x000002c1e0cb9a8f to 0x000002c1e0cb9b09
Event: 7.228 Thread 0x000002c1d4431ea0 Exception <a 'java/lang/NoSuchMethodError'{0x00000006961e9390}: 'java.lang.Object java.lang.invoke.DirectMethodHandle$Holder.newInvokeSpecial(java.lang.Object, java.lang.Object, java.lang.Object, java.lang.Object, java.lang.Object, java.lang.Object, java.lang.Object, java.lang.Object)'> (0x00000006961e9390) 
thrown [s\src\hotspot\share\interpreter\linkResolver.cpp, line 771]
Event: 7.229 Thread 0x000002c1d4431ea0 Exception <a 'java/lang/NoSuchMethodError'{0x00000006961ee9a8}: 'java.lang.Object java.lang.invoke.DirectMethodHandle$Holder.invokeSpecial(java.lang.Object, java.lang.Object, java.lang.Object, java.lang.Object, java.lang.Object, java.lang.Object, java.lang.Object, java.lang.Object, java.lang.Object)'> (0x00000006961ee9a8) 
thrown [s\src\hotspot\share\interpreter\linkResolver.cpp, line 771]
Event: 7.229 Thread 0x000002c1d4431ea0 Exception <a 'java/lang/NoSuchMethodError'{0x00000006961f38d8}: 'java.lang.Object java.lang.invoke.Invokers$Holder.linkToTargetMethod(java.lang.Object, java.lang.Object, java.lang.Object, java.lang.Object, java.lang.Object, java.lang.Object, java.lang.Object, java.lang.Object)'> (0x00000006961f38d8) 
thrown [s\src\hotspot\share\interpreter\linkResolver.cpp, line 771]
Event: 7.349 Thread 0x000002c1d4431ea0 Exception <a 'java/lang/NoSuchMethodError'{0x000000068f964960}: 'int java.lang.invoke.DirectMethodHandle$Holder.invokeInterface(java.lang.Object, java.lang.Object)'> (0x000000068f964960) 
thrown [s\src\hotspot\share\interpreter\linkResolver.cpp, line 771]
Event: 7.985 Thread 0x000002c1d4431ea0 Exception <a 'java/lang/IncompatibleClassChangeError'{0x000000068ee42610}: Found class java.lang.Object, but interface was expected> (0x000000068ee42610) 
thrown [s\src\hotspot\share\interpreter\linkResolver.cpp, line 838]
Event: 8.918 Thread 0x000002c1d4431ea0 Exception <a 'java/lang/NoSuchMethodError'{0x000000069678e018}: 'java.lang.Object java.lang.invoke.DirectMethodHandle$Holder.invokeInterface(java.lang.Object, java.lang.Object, java.lang.Object)'> (0x000000069678e018) 
thrown [s\src\hotspot\share\interpreter\linkResolver.cpp, line 771]
Event: 8.920 Thread 0x000002c1d4431ea0 Exception <a 'java/lang/IncompatibleClassChangeError'{0x0000000696791ed8}: Found class java.lang.Object, but interface was expected> (0x0000000696791ed8) 
thrown [s\src\hotspot\share\interpreter\linkResolver.cpp, line 838]
Event: 8.936 Thread 0x000002c1d4431ea0 Implicit null exception at 0x000002c1e0f77b76 to 0x000002c1e0f780e4
Event: 9.009 Thread 0x000002c1d4431ea0 Exception <a 'java/lang/NoSuchMethodError'{0x00000006960b0588}: 'int java.lang.invoke.DirectMethodHandle$Holder.invokeStaticInit(java.lang.Object, int)'> (0x00000006960b0588) 
thrown [s\src\hotspot\share\interpreter\linkResolver.cpp, line 771]
Event: 9.219 Thread 0x000002c1d4431ea0 Exception <a 'java/lang/NoSuchMethodError'{0x0000000696310990}: 'java.lang.Object java.lang.invoke.DirectMethodHandle$Holder.invokeStatic(java.lang.Object, int, java.lang.Object)'> (0x0000000696310990) 
thrown [s\src\hotspot\share\interpreter\linkResolver.cpp, line 771]
Event: 10.572 Thread 0x000002c1d4431ea0 Exception <a 'java/lang/NoSuchMethodError'{0x000000068fd16ea8}: 'java.lang.Object java.lang.invoke.DirectMethodHandle$Holder.invokeStatic(java.lang.Object, int, java.lang.Object, java.lang.Object)'> (0x000000068fd16ea8) 
thrown [s\src\hotspot\share\interpreter\linkResolver.cpp, line 771]
Event: 10.573 Thread 0x000002c1d4431ea0 Exception <a 'java/lang/NoSuchMethodError'{0x000000068fd1f008}: 'java.lang.Object java.lang.invoke.DirectMethodHandle$Holder.newInvokeSpecial(java.lang.Object, int, java.lang.Object)'> (0x000000068fd1f008) 
thrown [s\src\hotspot\share\interpreter\linkResolver.cpp, line 771]
Event: 13.684 Thread 0x000002c1d4431ea0 Exception <a 'java/lang/NoSuchMethodError'{0x00000006a1855680}: 'java.lang.Object java.lang.invoke.DirectMethodHandle$Holder.newInvokeSpecial(java.lang.Object, java.lang.Object, java.lang.Object, java.lang.Object, java.lang.Object, java.lang.Object, java.lang.Object)'> (0x00000006a1855680) 
thrown [s\src\hotspot\share\interpreter\linkResolver.cpp, line 771]
Event: 13.685 Thread 0x000002c1d4431ea0 Exception <a 'java/lang/NoSuchMethodError'{0x00000006a185aa30}: 'java.lang.Object java.lang.invoke.Invokers$Holder.linkToTargetMethod(java.lang.Object, java.lang.Object, java.lang.Object, java.lang.Object, java.lang.Object, java.lang.Object, java.lang.Object)'> (0x00000006a185aa30) 
thrown [s\src\hotspot\share\interpreter\linkResolver.cpp, line 771]
Event: 16.098 Thread 0x000002c1d4431ea0 Implicit null exception at 0x000002c1e11c3162 to 0x000002c1e11c6bfa
Event: 16.248 Thread 0x000002c1d4431ea0 Implicit null exception at 0x000002c1e0e3f943 to 0x000002c1e0e3fc05
Event: 18.689 Thread 0x000002c1d4431ea0 Implicit null exception at 0x000002c1e11476a5 to 0x000002c1e114a0c8
Event: 20.483 Thread 0x000002c1d4431ea0 Implicit null exception at 0x000002c1e10accaf to 0x000002c1e10acd34

VM Operations (20 events):
Event: 24.642 Executing VM operation: G1CollectForAllocation
Event: 24.647 Executing VM operation: G1CollectForAllocation done
Event: 24.957 Executing VM operation: G1CollectForAllocation
Event: 24.958 Executing VM operation: G1CollectForAllocation done
Event: 25.299 Executing VM operation: G1CollectForAllocation
Event: 25.302 Executing VM operation: G1CollectForAllocation done
Event: 25.747 Executing VM operation: ICBufferFull
Event: 25.748 Executing VM operation: ICBufferFull done
Event: 25.797 Executing VM operation: ICBufferFull
Event: 25.798 Executing VM operation: ICBufferFull done
Event: 25.944 Executing VM operation: HandshakeAllThreads
Event: 25.945 Executing VM operation: HandshakeAllThreads done
Event: 26.024 Executing VM operation: ICBufferFull
Event: 26.024 Executing VM operation: ICBufferFull done
Event: 26.110 Executing VM operation: HandshakeAllThreads
Event: 26.110 Executing VM operation: HandshakeAllThreads done
Event: 26.212 Executing VM operation: HandshakeAllThreads
Event: 26.212 Executing VM operation: HandshakeAllThreads done
Event: 26.293 Executing VM operation: ICBufferFull
Event: 26.293 Executing VM operation: ICBufferFull done

Events (20 events):
Event: 26.278 Thread 0x000002c1fa0d67f0 flushing nmethod 0x000002c1daf0ee90
Event: 26.279 Thread 0x000002c1fa0d67f0 flushing nmethod 0x000002c1db07c390
Event: 26.280 Thread 0x000002c1fa0d67f0 flushing nmethod 0x000002c1db1cde10
Event: 26.280 Thread 0x000002c1fa0d67f0 flushing nmethod 0x000002c1db20d690
Event: 26.281 Thread 0x000002c1fa0d67f0 flushing nmethod 0x000002c1db303b90
Event: 26.281 Thread 0x000002c1fa0d67f0 flushing nmethod 0x000002c1db327110
Event: 26.281 Thread 0x000002c1fa0d67f0 flushing nmethod 0x000002c1db343310
Event: 26.281 Thread 0x000002c1fa0d67f0 flushing nmethod 0x000002c1db349f10
Event: 26.281 Thread 0x000002c1fa0d67f0 flushing nmethod 0x000002c1db34d990
Event: 26.281 Thread 0x000002c1fa0d67f0 flushing nmethod 0x000002c1db35c010
Event: 26.281 Thread 0x000002c1fa0d67f0 flushing nmethod 0x000002c1db35de10
Event: 26.281 Thread 0x000002c1fa0d67f0 flushing nmethod 0x000002c1db362210
Event: 26.281 Thread 0x000002c1fa0d67f0 flushing nmethod 0x000002c1db367d10
Event: 26.281 Thread 0x000002c1fa0d67f0 flushing nmethod 0x000002c1db36b210
Event: 26.281 Thread 0x000002c1fa0d67f0 flushing nmethod 0x000002c1db36fc10
Event: 26.281 Thread 0x000002c1fa0d67f0 flushing nmethod 0x000002c1db389110
Event: 26.281 Thread 0x000002c1fa0d67f0 flushing nmethod 0x000002c1db38bb10
Event: 26.281 Thread 0x000002c1fa0d67f0 flushing nmethod 0x000002c1db405410
Event: 26.281 Thread 0x000002c1fa0d67f0 flushing nmethod 0x000002c1db405810
Event: 26.281 Thread 0x000002c1fa0d67f0 flushing nmethod 0x000002c1db407c90


Dynamic libraries:
0x00007ff65b6d0000 - 0x00007ff65b6da000 	C:\Program Files\Android\Android Studio\jbr\bin\java.exe
0x00007ffe51b10000 - 0x00007ffe51d27000 	C:\WINDOWS\SYSTEM32\ntdll.dll
0x00007ffe500b0000 - 0x00007ffe50174000 	C:\WINDOWS\System32\KERNEL32.DLL
0x00007ffe4f1b0000 - 0x00007ffe4f55d000 	C:\WINDOWS\System32\KERNELBASE.dll
0x00007ffe4ef50000 - 0x00007ffe4f061000 	C:\WINDOWS\System32\ucrtbase.dll
0x00007ffd4bdd0000 - 0x00007ffd4bde7000 	C:\Program Files\Android\Android Studio\jbr\bin\jli.dll
0x00007ffe50a10000 - 0x00007ffe50bbe000 	C:\WINDOWS\System32\USER32.dll
0x00007ffe4f070000 - 0x00007ffe4f096000 	C:\WINDOWS\System32\win32u.dll
0x00007ffe51aa0000 - 0x00007ffe51ac9000 	C:\WINDOWS\System32\GDI32.dll
0x00007ffe4ee30000 - 0x00007ffe4ef49000 	C:\WINDOWS\System32\gdi32full.dll
0x00007ffe4f0a0000 - 0x00007ffe4f13a000 	C:\WINDOWS\System32\msvcp_win.dll
0x00007ffe48d70000 - 0x00007ffe48d8b000 	C:\Program Files\Android\Android Studio\jbr\bin\VCRUNTIME140.dll
0x00007ffe3a520000 - 0x00007ffe3a7b3000 	C:\WINDOWS\WinSxS\amd64_microsoft.windows.common-controls_6595b64144ccf1df_6.0.22621.3672_none_2713b9d173822955\COMCTL32.dll
0x00007ffe4fe70000 - 0x00007ffe4ff17000 	C:\WINDOWS\System32\msvcrt.dll
0x00007ffe4ffb0000 - 0x00007ffe4ffe1000 	C:\WINDOWS\System32\IMM32.DLL
0x00007ffe4c000000 - 0x00007ffe4c00c000 	C:\Program Files\Android\Android Studio\jbr\bin\vcruntime140_1.dll
0x00007ffe2bae0000 - 0x00007ffe2bb6d000 	C:\Program Files\Android\Android Studio\jbr\bin\msvcp140.dll
0x00007ffd528b0000 - 0x00007ffd53530000 	C:\Program Files\Android\Android Studio\jbr\bin\server\jvm.dll
0x00007ffe4fff0000 - 0x00007ffe500a2000 	C:\WINDOWS\System32\ADVAPI32.dll
0x00007ffe50700000 - 0x00007ffe507a9000 	C:\WINDOWS\System32\sechost.dll
0x00007ffe4f560000 - 0x00007ffe4f588000 	C:\WINDOWS\System32\bcrypt.dll
0x00007ffe4fd50000 - 0x00007ffe4fe64000 	C:\WINDOWS\System32\RPCRT4.dll
0x00007ffe33820000 - 0x00007ffe33829000 	C:\WINDOWS\SYSTEM32\WSOCK32.dll
0x00007ffe50600000 - 0x00007ffe50671000 	C:\WINDOWS\System32\WS2_32.dll
0x00007ffe43800000 - 0x00007ffe43834000 	C:\WINDOWS\SYSTEM32\WINMM.dll
0x00007ffe47d90000 - 0x00007ffe47d9a000 	C:\WINDOWS\SYSTEM32\VERSION.dll
0x00007ffe4df10000 - 0x00007ffe4df28000 	C:\WINDOWS\SYSTEM32\kernel.appcore.dll
0x00007ffd9f4c0000 - 0x00007ffd9f4ca000 	C:\Program Files\Android\Android Studio\jbr\bin\jimage.dll
0x00007ffe46b70000 - 0x00007ffe46da2000 	C:\WINDOWS\SYSTEM32\DBGHELP.DLL
0x00007ffe4f840000 - 0x00007ffe4fbcd000 	C:\WINDOWS\System32\combase.dll
0x00007ffe50810000 - 0x00007ffe508e7000 	C:\WINDOWS\System32\OLEAUT32.dll
0x00007ffe2db30000 - 0x00007ffe2db62000 	C:\WINDOWS\SYSTEM32\dbgcore.DLL
0x00007ffe4f650000 - 0x00007ffe4f6cb000 	C:\WINDOWS\System32\bcryptPrimitives.dll
0x00007ffd6eaa0000 - 0x00007ffd6eac5000 	C:\Program Files\Android\Android Studio\jbr\bin\java.dll
0x00007ffd6ea80000 - 0x00007ffd6ea98000 	C:\Program Files\Android\Android Studio\jbr\bin\zip.dll
0x00007ffe50dc0000 - 0x00007ffe51628000 	C:\WINDOWS\System32\SHELL32.dll
0x00007ffe4cd30000 - 0x00007ffe4d62e000 	C:\WINDOWS\SYSTEM32\windows.storage.dll
0x00007ffe4cbf0000 - 0x00007ffe4cd2f000 	C:\WINDOWS\SYSTEM32\wintypes.dll
0x00007ffe50900000 - 0x00007ffe509f9000 	C:\WINDOWS\System32\SHCORE.dll
0x00007ffe4ff40000 - 0x00007ffe4ff9e000 	C:\WINDOWS\System32\shlwapi.dll
0x00007ffe4ed60000 - 0x00007ffe4ed81000 	C:\WINDOWS\SYSTEM32\profapi.dll
0x00007ffd67ef0000 - 0x00007ffd67f09000 	C:\Program Files\Android\Android Studio\jbr\bin\net.dll
0x00007ffe4a980000 - 0x00007ffe4aab6000 	C:\WINDOWS\SYSTEM32\WINHTTP.dll
0x00007ffe4e370000 - 0x00007ffe4e3d9000 	C:\WINDOWS\system32\mswsock.dll
0x00007ffd52830000 - 0x00007ffd52846000 	C:\Program Files\Android\Android Studio\jbr\bin\nio.dll
0x00007ffd8ebd0000 - 0x00007ffd8ebe0000 	C:\Program Files\Android\Android Studio\jbr\bin\verify.dll

dbghelp: loaded successfully - version: 4.0.5 - missing functions: none
symbol engine: initialized successfully - sym options: 0x614 - pdb path: .;C:\Program Files\Android\Android Studio\jbr\bin;C:\WINDOWS\SYSTEM32;C:\WINDOWS\WinSxS\amd64_microsoft.windows.common-controls_6595b64144ccf1df_6.0.22621.3672_none_2713b9d173822955;C:\Program Files\Android\Android Studio\jbr\bin\server

VM Arguments:
java_command: org.jetbrains.kotlin.cli.jvm.K2JVMCompiler @C:\Users\acq20\Desktop\Projetos\tarefista\app\node_modules\expo-modules-core\android\build\20240825_10349222171716957634.compiler.options
java_class_path (initial): C:\Users\acq20\.gradle\caches\modules-2\files-2.1\org.jetbrains.kotlin\kotlin-compiler-embeddable\1.9.22\9cd4dc7773cf2a99ecd961a88fbbc9a2da3fb5e1\kotlin-compiler-embeddable-1.9.22.jar;C:\Users\acq20\.gradle\caches\modules-2\files-2.1\org.jetbrains.kotlin\kotlin-stdlib\1.9.22\d6c44cd08d8f3f9bece8101216dbe6553365c6e3\kotlin-stdlib-1.9.22.jar;C:\Users\acq20\.gradle\caches\modules-2\files-2.1\org.jetbrains.kotlin\kotlin-script-runtime\1.9.22\f8139a46fc677ec9badc49ae954392f4f5e7e7c7\kotlin-script-runtime-1.9.22.jar;C:\Users\acq20\.gradle\caches\modules-2\files-2.1\org.jetbrains.kotlin\kotlin-reflect\1.6.10\1cbe9c92c12a94eea200d23c2bbaedaf3daf5132\kotlin-reflect-1.6.10.jar;C:\Users\acq20\.gradle\caches\modules-2\files-2.1\org.jetbrains.kotlin\kotlin-daemon-embeddable\1.9.22\20e2c5df715f3240c765cfc222530e2796542021\kotlin-daemon-embeddable-1.9.22.jar;C:\Users\acq20\.gradle\caches\modules-2\files-2.1\org.jetbrains.intellij.deps\trove4j\1.0.20200330\3afb14d5f9ceb459d724e907a21145e8ff394f02\trove4j-1.0.20200330.jar;C:\Users\acq20\.gradle\caches\modules-2\files-2.1\org.jetbrains\annotations\13.0\919f0dfe192fb4e063e7dacadee7f8bb9a2672a9\annotations-13.0.jar
Launcher Type: SUN_STANDARD

[Global flags]
     intx CICompilerCount                          = 12                                        {product} {ergonomic}
     uint ConcGCThreads                            = 3                                         {product} {ergonomic}
     uint G1ConcRefinementThreads                  = 13                                        {product} {ergonomic}
   size_t G1HeapRegionSize                         = 4194304                                   {product} {ergonomic}
    uintx GCDrainStackTargetSize                   = 64                                        {product} {ergonomic}
   size_t InitialHeapSize                          = 394264576                                 {product} {ergonomic}
   size_t MarkStackSize                            = 4194304                                   {product} {ergonomic}
   size_t MaxHeapSize                              = 6270484480                                {product} {ergonomic}
   size_t MaxNewSize                               = 3762290688                                {product} {ergonomic}
   size_t MinHeapDeltaBytes                        = 4194304                                   {product} {ergonomic}
   size_t MinHeapSize                              = 8388608                                   {product} {ergonomic}
    uintx NonNMethodCodeHeapSize                   = 7602480                                {pd product} {ergonomic}
    uintx NonProfiledCodeHeapSize                  = 122027880                              {pd product} {ergonomic}
    uintx ProfiledCodeHeapSize                     = 122027880                              {pd product} {ergonomic}
    uintx ReservedCodeCacheSize                    = 251658240                              {pd product} {ergonomic}
     bool SegmentedCodeCache                       = true                                      {product} {ergonomic}
   size_t SoftMaxHeapSize                          = 6270484480                             {manageable} {ergonomic}
     bool UseCompressedClassPointers               = true                           {product lp64_product} {ergonomic}
     bool UseCompressedOops                        = true                           {product lp64_product} {ergonomic}
     bool UseG1GC                                  = true                                      {product} {ergonomic}
     bool UseLargePagesIndividualAllocation        = false                                  {pd product} {ergonomic}

Logging:
Log output configuration:
 #0: stdout all=warning uptime,level,tags
 #1: stderr all=off uptime,level,tags

Environment Variables:
JAVA_HOME=C:\Program Files\Microsoft\jdk-17.0.12.7-hotspot\
PATH=C:\Program Files\Microsoft\jdk-17.0.12.7-hotspot\bin;C:\Program Files\Microsoft MPI\Bin\;C:\Program Files (x86)\Common Files\Intel\Shared Libraries\redist\intel64\compiler;C:\Program Files\Eclipse Adoptium\jdk-17.0.5.8-hotspot\bin;C:\Windows\system32;C:\Windows;C:\Windows\System32\Wbem;C:\Windows\System32\WindowsPowerShell\v1.0\;C:\Windows\System32\OpenSSH\;C:\Program Files (x86)\NVIDIA Corporation\PhysX\Common;C:\Program Files\NVIDIA Corporation\NVIDIA NvDLISR;C:\WINDOWS\system32;C:\WINDOWS;C:\WINDOWS\System32\Wbem;C:\WINDOWS\System32\WindowsPowerShell\v1.0\;C:\WINDOWS\System32\OpenSSH\;C:\Program Files\Microsoft VS Code\bin;C:\ProgramData\chocolatey\bin;C:\Program Files\dotnet\;C:\Program Files (x86)\Microsoft SQL Server\150\DTS\Binn\;C:\Program Files\Azure Data Studio\bin;C:\Program Files\Microsoft SQL Server\150\Tools\Binn\;C:\Program Files\Python311\Scripts;C:\Program Files (x86)\Microsoft SQL Server\160\Tools\Binn\;C:\Program Files\Microsoft SQL Server\160\Tools\Binn\;C:\Program Files\Microsoft SQL Server\Client SDK\ODBC\170\Tools\Binn\;C:\Program Files\Microsoft SQL Server\160\DTS\Binn\;C:\Program Files\Docker\Docker\resources\bin;C:\Program Files (x86)\Windows Kits\10\Windows Performance Toolkit\;C:\Program Files\Git\cmd;C:\Program Files (x86)\Google\Cloud SDK\google-cloud-sdk\bin;C:\Program Files\Amazon\AWSCLIV2\;C:\Users\acq20\AppData\Roaming\Python\Python311\Scripts;C:\Program Files\nodejs\;C:\Users\acq20\AppData\Local\Microsoft\WindowsApps;C:\Users\acq20\.dotnet\tools;C:\Program Files\Azure Data Studio\bin;C:\Users\acq20\Desktop\Estudos\flutter\flutter\bin;C:\flutter\bin;C:\Users\acq20\AppData\Local\JetBrains\Toolbox\scripts;C:\Users\acq20\AppData\Roaming\Python\Python311\Scripts;C:\Users\acq20\AppData\Local\Android\Sdk\tools;C:\Users\acq20\AppData\Local\Android\Sdk\tools\bin;C:\Users\acq20\AppData\Local\Android\Sdk\platform-tools;C:\Users\acq20\AppData\Local\Android\Sdk\platform-tools;C:\Users\acq20\AppData\Roaming\npm
USERNAME=acq20
OS=Windows_NT
PROCESSOR_IDENTIFIER=AMD64 Family 25 Model 80 Stepping 0, AuthenticAMD
TMP=C:\Users\acq20\AppData\Local\Temp
TEMP=C:\Users\acq20\AppData\Local\Temp


JNI global refs:
JNI global refs: 23, weak refs: 3

JNI global refs memory usage: 843, weak refs: 841

OOME stack traces (most recent first):
Classloader memory used:
Loader jdk.internal.loader.ClassLoaders$AppClassLoader                                 : 6901K
Loader bootstrap                                                                       : 1380K
Loader jdk.internal.reflect.DelegatingClassLoader                                      : 25686B


---------------  S Y S T E M  ---------------

OS:
 Windows 11 , 64 bit Build 22621 (10.0.22621.3958)
OS uptime: 0 days 14:41 hours
Hyper-V role detected

CPU: total 16 (initial active 16) (16 cores per cpu, 2 threads per core) family 25 model 80 stepping 0 microcode 0x0, cx8, cmov, fxsr, ht, mmx, 3dnowpref, sse, sse2, sse3, ssse3, sse4a, sse4.1, sse4.2, popcnt, lzcnt, tsc, tscinvbit, avx, avx2, aes, erms, clmul, bmi1, bmi2, adx, sha, fma, vzeroupper, clflush, clflushopt, hv

Memory: 4k page, system-wide physical 23916M (3339M free)
TotalPageFile size 84801M (AvailPageFile size 8M)
current process WorkingSet (physical memory assigned to process): 616M, peak: 662M
current process commit charge ("private bytes"): 672M, peak: 717M

vm_info: OpenJDK 64-Bit Server VM (17.0.7+0-b2043.56-10550314) for windows-amd64 JRE (17.0.7+0-b2043.56-10550314), built on Jul 24 2023 18:27:45 by "androidbuild" with MS VC++ 16.10 / 16.11 (VS2019)

END.
